Waiting for job title
Job details verified
Clicking Place Bid
Place Bid clicked
Waiting for job title
Job details verified
Clicking Place Bid
Place Bid clicked
Waiting for job title
Job details verified
Clicking Place Bid
Place Bid clicked
Waiting for job title
Job details verified
Clicking Place Bid
Place Bid clicked
Bid Section HTML: <div class="rounded-lg border bg-card text-card-foreground"><div class="flex flex-col space-y-1.5 p-6"><h3 class="text-2xl font-semibold leading-none tracking-tight">Place Your Bid</h3><p class="text-sm text-muted-foreground">Submit your best offer for this project.</p></div><div class="p-6 pt-0 space-y-4"><div class="grid grid-cols-1 md:grid-cols-2 gap-4 items-end"><div class="space-y-2"><label class="text-sm font-medium leading-none peer-disabled:cursor-not-allowed peer-disabled:opacity-70" for="bid-amount">Your Bid Amount (₹)</label><input class="flex h-10 w-full rounded-md border border-input bg-background px-3 py-2 text-sm ring-offset-background file:border-0 file:bg-transparent file:text-sm file:font-medium placeholder:text-muted-foreground focus-visible:outline-none focus-visible:ring-2 focus-visible:ring-ring focus-visible:ring-offset-2 disabled:cursor-not-allowed disabled:opacity-50" id="bid-amount" placeholder="e.g. 15000" type="number" value="" name="bidAmount"></div></div><div class="space-y-2"><div class="flex justify-between items-center"><label class="text-sm font-medium">Cover Letter / Proposal</label><button class="inline-flex items-center justify-center gap-2 whitespace-nowrap text-sm font-medium ring-offset-background transition-colors focus-visible:outline-none focus-visible:ring-2 focus-visible:ring-ring focus-visible:ring-offset-2 disabled:pointer-events-none disabled:opacity-50 hover:bg-accent hover:text-accent-foreground h-9 rounded-md px-3" type="button"><svg xmlns="http://www.w3.org/2000/svg" width="24" height="24" viewBox="0 0 24 24" fill="none" stroke="currentColor" stroke-width="2" stroke-linecap="round" stroke-linejoin="round" class="lucide lucide-zap mr-2 h-4 w-4"><path d="M4 14a1 1 0 0 1-.78-1.63l9.9-10.2a.5.5 0 0 1 .86.46l-1.92 6.02A1 1 0 0 0 13 10h7a1 1 0 0 1 .78 1.63l-9.9 10.2a.5.5 0 0 1-.86-.46l1.92-6.02A1 1 0 0 0 11 14z"></path></svg>AI Bid Assistant</button></div><textarea class="flex w-full rounded-md border border-input bg-background px-3 py-2 text-sm ring-offset-background placeholder:text-muted-foreground focus-visible:outline-none focus-visible:ring-2 focus-visible:ring-ring focus-visible:ring-offset-2 disabled:cursor-not-allowed disabled:opacity-50 min-h-32" name="coverLetter" placeholder="Explain why you're the best fit for this job..."></textarea></div></div><div class="flex items-center p-6 pt-0"><button class="inline-flex items-center justify-center gap-2 whitespace-nowrap rounded-md text-sm font-medium ring-offset-background transition-colors focus-visible:outline-none focus-visible:ring-2 focus-visible:ring-ring focus-visible:ring-offset-2 disabled:pointer-events-none disabled:opacity-50 bg-primary text-primary-foreground hover:bg-primary/90 h-10 px-4 py-2 w-full md:w-auto">Submit Bid</button></div></div>
Waiting for job title
Job details verified
Clicking Place Bid
Place Bid clicked
Bid Section HTML: <div class="rounded-lg border bg-card text-card-foreground"><div class="flex flex-col space-y-1.5 p-6"><h3 class="text-2xl font-semibold leading-none tracking-tight">Place Your Bid</h3><p class="text-sm text-muted-foreground">Submit your best offer for this project.</p></div><div class="p-6 pt-0 space-y-4"><div class="grid grid-cols-1 md:grid-cols-2 gap-4 items-end"><div class="space-y-2"><label class="text-sm font-medium leading-none peer-disabled:cursor-not-allowed peer-disabled:opacity-70" for="bid-amount">Your Bid Amount (₹)</label><input class="flex h-10 w-full rounded-md border border-input bg-background px-3 py-2 text-sm ring-offset-background file:border-0 file:bg-transparent file:text-sm file:font-medium placeholder:text-muted-foreground focus-visible:outline-none focus-visible:ring-2 focus-visible:ring-ring focus-visible:ring-offset-2 disabled:cursor-not-allowed disabled:opacity-50" id="bid-amount" placeholder="e.g. 15000" type="number" value="" name="bidAmount"></div></div><div class="space-y-2"><div class="flex justify-between items-center"><label class="text-sm font-medium">Cover Letter / Proposal</label><button class="inline-flex items-center justify-center gap-2 whitespace-nowrap text-sm font-medium ring-offset-background transition-colors focus-visible:outline-none focus-visible:ring-2 focus-visible:ring-ring focus-visible:ring-offset-2 disabled:pointer-events-none disabled:opacity-50 hover:bg-accent hover:text-accent-foreground h-9 rounded-md px-3" type="button"><svg xmlns="http://www.w3.org/2000/svg" width="24" height="24" viewBox="0 0 24 24" fill="none" stroke="currentColor" stroke-width="2" stroke-linecap="round" stroke-linejoin="round" class="lucide lucide-zap mr-2 h-4 w-4"><path d="M4 14a1 1 0 0 1-.78-1.63l9.9-10.2a.5.5 0 0 1 .86.46l-1.92 6.02A1 1 0 0 0 13 10h7a1 1 0 0 1 .78 1.63l-9.9 10.2a.5.5 0 0 1-.86-.46l1.92-6.02A1 1 0 0 0 11 14z"></path></svg>AI Bid Assistant</button></div><textarea class="flex w-full rounded-md border border-input bg-background px-3 py-2 text-sm ring-offset-background placeholder:text-muted-foreground focus-visible:outline-none focus-visible:ring-2 focus-visible:ring-ring focus-visible:ring-offset-2 disabled:cursor-not-allowed disabled:opacity-50 min-h-32" name="coverLetter" placeholder="Explain why you're the best fit for this job..."></textarea></div></div><div class="flex items-center p-6 pt-0"><button class="inline-flex items-center justify-center gap-2 whitespace-nowrap rounded-md text-sm font-medium ring-offset-background transition-colors focus-visible:outline-none focus-visible:ring-2 focus-visible:ring-ring focus-visible:ring-offset-2 disabled:pointer-events-none disabled:opacity-50 bg-primary text-primary-foreground hover:bg-primary/90 h-10 px-4 py-2 w-full md:w-auto">Submit Bid</button></div></div>
Waiting for job title
Job details verified
Clicking Place Bid
Place Bid clicked
Bid Section HTML: <div class="rounded-lg border bg-card text-card-foreground"><div class="flex flex-col space-y-1.5 p-6"><h3 class="text-2xl font-semibold leading-none tracking-tight">Place Your Bid</h3><p class="text-sm text-muted-foreground">Submit your best offer for this project.</p></div><div class="p-6 pt-0 space-y-4"><div class="grid grid-cols-1 md:grid-cols-2 gap-4 items-end"><div class="space-y-2"><label class="text-sm font-medium leading-none peer-disabled:cursor-not-allowed peer-disabled:opacity-70" for="bid-amount">Your Bid Amount (₹)</label><input class="flex h-10 w-full rounded-md border border-input bg-background px-3 py-2 text-sm ring-offset-background file:border-0 file:bg-transparent file:text-sm file:font-medium placeholder:text-muted-foreground focus-visible:outline-none focus-visible:ring-2 focus-visible:ring-ring focus-visible:ring-offset-2 disabled:cursor-not-allowed disabled:opacity-50" id="bid-amount" placeholder="e.g. 15000" type="number" value="" name="bidAmount"></div></div><div class="space-y-2"><div class="flex justify-between items-center"><label class="text-sm font-medium">Cover Letter / Proposal</label><button class="inline-flex items-center justify-center gap-2 whitespace-nowrap text-sm font-medium ring-offset-background transition-colors focus-visible:outline-none focus-visible:ring-2 focus-visible:ring-ring focus-visible:ring-offset-2 disabled:pointer-events-none disabled:opacity-50 hover:bg-accent hover:text-accent-foreground h-9 rounded-md px-3" type="button"><svg xmlns="http://www.w3.org/2000/svg" width="24" height="24" viewBox="0 0 24 24" fill="none" stroke="currentColor" stroke-width="2" stroke-linecap="round" stroke-linejoin="round" class="lucide lucide-zap mr-2 h-4 w-4"><path d="M4 14a1 1 0 0 1-.78-1.63l9.9-10.2a.5.5 0 0 1 .86.46l-1.92 6.02A1 1 0 0 0 13 10h7a1 1 0 0 1 .78 1.63l-9.9 10.2a.5.5 0 0 1-.86-.46l1.92-6.02A1 1 0 0 0 11 14z"></path></svg>AI Bid Assistant</button></div><textarea class="flex w-full rounded-md border border-input bg-background px-3 py-2 text-sm ring-offset-background placeholder:text-muted-foreground focus-visible:outline-none focus-visible:ring-2 focus-visible:ring-ring focus-visible:ring-offset-2 disabled:cursor-not-allowed disabled:opacity-50 min-h-32" name="coverLetter" placeholder="Explain why you're the best fit for this job..."></textarea></div></div><div class="flex items-center p-6 pt-0"><button class="inline-flex items-center justify-center gap-2 whitespace-nowrap rounded-md text-sm font-medium ring-offset-background transition-colors focus-visible:outline-none focus-visible:ring-2 focus-visible:ring-ring focus-visible:ring-offset-2 disabled:pointer-events-none disabled:opacity-50 bg-primary text-primary-foreground hover:bg-primary/90 h-10 px-4 py-2 w-full md:w-auto">Submit Bid</button></div></div>
Waiting for job title
Job details verified
Clicking Place Bid
Place Bid clicked
Waiting for job title
Job details verified
Clicking Place Bid
Place Bid clicked
Waiting for job title
Job details verified
Clicking Place Bid
Place Bid clicked
Waiting for job title
Job details verified
Clicking Place Bid
Place Bid clicked
Input attached
Input visible
Waiting for job title
Job details verified
Clicking Place Bid
Place Bid clicked
Waiting for job title
Job details verified
Clicking Place Bid
Place Bid clicked
Waiting for job title
Waiting for job title
Job details verified
Clicking Place Bid
Place Bid clicked
Clicking Place Bid
Place Bid clicked
Clicking Place Bid
Place Bid clicked
Clicking Place Bid
Place Bid clicked
Clicking Place Bid
Place Bid clicked
Clicking Place Bid
Place Bid clicked
Clicking Place Bid
Place Bid clicked
Clicking Place Bid
Place Bid clicked
Clicking Place Bid
Place Bid clicked
Clicking Place Bid
Place Bid clicked
Clicking Place Bid
Place Bid clicked
Clicking Place Bid
Place Bid clicked
Clicking Place Bid
Place Bid clicked
Clicking Place Bid
Place Bid clicked
Clicking Place Bid
Place Bid clicked
Clicking Place Bid
Place Bid clicked
Clicking Place Bid
Place Bid clicked
Clicking Place Bid
Place Bid clicked
Clicking Place Bid
Place Bid clicked
Clicking Place Bid
Place Bid clicked
Clicking Place Bid
Place Bid clicked
Clicking Place Bid
Place Bid clicked
Clicking Place Bid
Place Bid clicked
Clicking Place Bid
Place Bid clicked
Clicking Place Bid
Place Bid clicked
Clicking Place Bid
Place Bid clicked
Clicking Place Bid
Place Bid clicked
Clicking Place Bid
Place Bid clicked
Clicking Place Bid
Place Bid clicked
Clicking Place Bid
Place Bid clicked
Clicking Place Bid
Place Bid clicked
Clicking Place Bid
Place Bid clicked
Clicking Place Bid
Place Bid clicked
Clicking Place Bid
Place Bid clicked
Clicking Place Bid
Place Bid clicked
Clicking Place Bid
Place Bid clicked
Clicking Place Bid
Place Bid clicked
Clicking Place Bid
Place Bid clicked
Clicking Place Bid
Place Bid clicked
Clicking Place Bid
Place Bid clicked
Clicking Place Bid
Place Bid clicked
Clicking Place Bid
Place Bid clicked
Clicking Place Bid
Place Bid clicked
Clicking Place Bid
Place Bid clicked
Clicking Place Bid
Place Bid clicked
Clicking Place Bid
Place Bid clicked
Clicking Place Bid
Place Bid clicked
Clicking Place Bid
Place Bid clicked
Clicking Place Bid
Place Bid clicked
Clicking Place Bid
Place Bid clicked
Clicking Place Bid
Place Bid clicked
Clicking Place Bid
Place Bid clicked
Clicking Place Bid
Place Bid clicked
Clicking Place Bid
Place Bid clicked
Clicking Place Bid
Place Bid clicked
Clicking Place Bid
Place Bid clicked
Clicking Place Bid
Place Bid clicked
Clicking Place Bid
Place Bid clicked
Clicking Place Bid
Place Bid clicked
Clicking Place Bid
Place Bid clicked
Clicking Place Bid
Place Bid clicked
Clicking Place Bid
Place Bid clicked
Clicking Place Bid
Place Bid clicked
Clicking Place Bid
Place Bid clicked
Clicking Place Bid
Place Bid clicked
Clicking Place Bid
Place Bid clicked
Clicking Place Bid
Place Bid clicked
Clicking Place Bid
Place Bid clicked
Clicking Place Bid
Place Bid clicked
Clicking Place Bid
Place Bid clicked
Clicking Place Bid
Place Bid clicked
Clicking Place Bid
Place Bid clicked
Clicking Place Bid
Place Bid clicked
Clicking Place Bid
Place Bid clicked
Clicking Place Bid
Place Bid clicked
Clicking Place Bid
Place Bid clicked
Clicking Place Bid
Place Bid clicked
Clicking Place Bid
Place Bid clicked
Clicking Place Bid
Place Bid clicked
Clicking Place Bid
Place Bid clicked
Clicking Place Bid
Place Bid clicked
Clicking Place Bid
Place Bid clicked
Clicking Place Bid
Place Bid clicked
Clicking Place Bid
Place Bid clicked
Clicking Place Bid
Place Bid clicked
Clicking Place Bid
Place Bid clicked
Clicking Place Bid
Place Bid clicked
Clicking Place Bid
Place Bid clicked
Clicking Place Bid
Place Bid clicked
